<?xml version="1.0" encoding="UTF-8"?>
<testsuite xmlns:xsi="http://www.w3.org/2001/XMLSchema-instance" xsi:noNamespaceSchemaLocation="https://maven.apache.org/surefire/maven-surefire-plugin/xsd/surefire-test-report-3.0.xsd" version="3.0" name="com.example.springquiz.SpringTestApplicationTests" time="9.331" tests="1" errors="0" skipped="0" failures="0">
  <properties>
[...]
</properties>
  <testcase name="contextLoads" classname="com.example.springquiz.SpringTestApplicationTests" time="0.467">
    <system-out><![CDATA[17:09:43.864 [main] INFO org.springframework.test.context.support.AnnotationConfigContextLoaderUtils -- Could not detect default configuration classes for test class [com.example.springquiz.SpringTestApplicationTests]: SpringTestApplicationTests does not declare any static, non-private, non-final, nested classes annotated with @Configuration.
17:09:43.949 [main] INFO org.springframework.boot.test.context.SpringBootTestContextBootstrapper -- Found @SpringBootConfiguration com.example.springquiz.SpringTestApplication for test class com.example.springquiz.SpringTestApplicationTests

  .   ____          _            __ _ _
 /\\ / ___'_ __ _ _(_)_ __  __ _ \ \ \ \
( ( )\___ | '_ | '_| | '_ \/ _` | \ \ \ \
 \\/  ___)| |_)| | | | | || (_| |  ) ) ) )
  '  |____| .__|_| |_|_| |_\__, | / / / /
 =========|_|==============|___/=/_/_/_/

 :: Spring Boot ::                (v3.3.4)

2024-10-23T17:09:44.309+07:00  INFO 29804 --- [SPRINGQUIZ] [           main] c.e.s.SpringTestApplicationTests         : Starting SpringTestApplicationTests using Java 17.0.11 with PID 29804 (started by Admin in D:\SPRING-newest)
2024-10-23T17:09:44.311+07:00  INFO 29804 --- [SPRINGQUIZ] [           main] c.e.s.SpringTestApplicationTests         : No active profile set, falling back to 1 default profile: "default"
2024-10-23T17:09:45.800+07:00  INFO 29804 --- [SPRINGQUIZ] [           main] o.hibernate.jpa.internal.util.LogHelper  : HHH000204: Processing PersistenceUnitInfo [name: default]
2024-10-23T17:09:45.899+07:00  INFO 29804 --- [SPRINGQUIZ] [           main] org.hibernate.Version                    : HHH000412: Hibernate ORM core version 6.6.1.Final
2024-10-23T17:09:45.941+07:00  INFO 29804 --- [SPRINGQUIZ] [           main] o.h.c.internal.RegionFactoryInitiator    : HHH000026: Second-level cache disabled
2024-10-23T17:09:46.382+07:00  INFO 29804 --- [SPRINGQUIZ] [           main] com.zaxxer.hikari.HikariDataSource       : HikariPool-1 - Starting...
2024-10-23T17:09:47.952+07:00  INFO 29804 --- [SPRINGQUIZ] [           main] com.zaxxer.hikari.pool.HikariPool        : HikariPool-1 - Added connection com.mysql.cj.jdbc.ConnectionImpl@46d148bd
2024-10-23T17:09:47.954+07:00  INFO 29804 --- [SPRINGQUIZ] [           main] com.zaxxer.hikari.HikariDataSource       : HikariPool-1 - Start completed.
2024-10-23T17:09:48.201+07:00  WARN 29804 --- [SPRINGQUIZ] [           main] org.hibernate.orm.deprecation            : HHH90000025: MySQLDialect does not need to be specified explicitly using 'hibernate.dialect' (remove the property setting and it will be selected by default)
2024-10-23T17:09:48.225+07:00  INFO 29804 --- [SPRINGQUIZ] [           main] org.hibernate.orm.connections.pooling    : HHH10001005: Database info:
	Database JDBC URL [Connecting through datasource 'HikariDataSource (HikariPool-1)']
	Database driver: undefined/unknown
	Database version: 8.0.30
	Autocommit mode: undefined/unknown
	Isolation level: undefined/unknown
	Minimum pool size: undefined/unknown
	Maximum pool size: undefined/unknown
2024-10-23T17:09:49.185+07:00  INFO 29804 --- [SPRINGQUIZ] [           main] o.h.e.t.j.p.i.JtaPlatformInitiator       : HHH000489: No JTA platform available (set 'hibernate.transaction.jta.platform' to enable JTA platform integration)
2024-10-23T17:09:51.733+07:00 DEBUG 29804 --- [SPRINGQUIZ] [           main] swordEncoderAuthenticationManagerBuilder : No authenticationProviders and no parentAuthenticationManager defined. Returning null.
2024-10-23T17:09:52.189+07:00 DEBUG 29804 --- [SPRINGQUIZ] [           main] o.s.s.web.DefaultSecurityFilterChain     : Will secure any request with filters: DisableEncodeUrlFilter, WebAsyncManagerIntegrationFilter, SecurityContextHolderFilter, HeaderWriterFilter, LogoutFilter, BearerTokenAuthenticationFilter, RequestCacheAwareFilter, SecurityContextHolderAwareRequestFilter, AnonymousAuthenticationFilter, ExceptionTranslationFilter, AuthorizationFilter
2024-10-23T17:09:52.574+07:00  INFO 29804 --- [SPRINGQUIZ] [           main] c.e.s.SpringTestApplicationTests         : Started SpringTestApplicationTests in 8.469 seconds (process running for 9.348)
]]></system-out>
  </testcase>
</testsuite>